0 info it worked if it ends with ok
1 verbose cli [ 'C:\\Program Files\\nodejs\\node.exe',
1 verbose cli   'C:\\Program Files\\nodejs\\node_modules\\npm\\bin\\npm-cli.js',
1 verbose cli   'install',
1 verbose cli   '--save',
1 verbose cli   'meteor' ]
2 info using npm@3.6.0
3 info using node@v5.7.1
4 silly loadCurrentTree Starting
5 silly install loadCurrentTree
6 silly install readLocalPackageData
7 silly fetchPackageMetaData meteor
8 silly fetchNamedPackageData meteor
9 silly mapToRegistry name meteor
10 silly mapToRegistry using default registry
11 silly mapToRegistry registry https://registry.npmjs.org/
12 silly mapToRegistry uri https://registry.npmjs.org/meteor
13 verbose request uri https://registry.npmjs.org/meteor
14 verbose request no auth needed
15 info attempt registry request try #1 at 11:10:33
16 verbose request id b1dd4aa28019adec
17 verbose etag "AGHZVGJ3WO8220MBG1A4XJBDL"
18 http request GET https://registry.npmjs.org/meteor
19 http 304 https://registry.npmjs.org/meteor
20 verbose headers { date: 'Sun, 10 Apr 2016 09:10:32 GMT',
20 verbose headers   via: '1.1 varnish',
20 verbose headers   'cache-control': 'max-age=300',
20 verbose headers   etag: '"AGHZVGJ3WO8220MBG1A4XJBDL"',
20 verbose headers   age: '99',
20 verbose headers   connection: 'keep-alive',
20 verbose headers   'x-served-by': 'cache-fra1228-FRA',
20 verbose headers   'x-cache': 'HIT',
20 verbose headers   'x-cache-hits': '1',
20 verbose headers   'x-timer': 'S1460279432.316165,VS0,VE0',
20 verbose headers   vary: 'Accept-Encoding' }
21 silly get cb [ 304,
21 silly get   { date: 'Sun, 10 Apr 2016 09:10:32 GMT',
21 silly get     via: '1.1 varnish',
21 silly get     'cache-control': 'max-age=300',
21 silly get     etag: '"AGHZVGJ3WO8220MBG1A4XJBDL"',
21 silly get     age: '99',
21 silly get     connection: 'keep-alive',
21 silly get     'x-served-by': 'cache-fra1228-FRA',
21 silly get     'x-cache': 'HIT',
21 silly get     'x-cache-hits': '1',
21 silly get     'x-timer': 'S1460279432.316165,VS0,VE0',
21 silly get     vary: 'Accept-Encoding' } ]
22 verbose etag https://registry.npmjs.org/meteor from cache
23 verbose get saving meteor to C:\Users\olive\AppData\Roaming\npm-cache\registry.npmjs.org\meteor\.cache.json
24 verbose correctMkdir C:\Users\olive\AppData\Roaming\npm-cache correctMkdir not in flight; initializing
25 silly install normalizeTree
26 silly loadCurrentTree Finishing
27 silly loadIdealTree Starting
28 silly install loadIdealTree
29 silly cloneCurrentTree Starting
30 silly install cloneCurrentTreeToIdealTree
31 silly cloneCurrentTree Finishing
32 silly loadShrinkwrap Starting
33 silly install loadShrinkwrap
34 silly loadShrinkwrap Finishing
35 silly loadAllDepsIntoIdealTree Starting
36 silly install loadAllDepsIntoIdealTree
37 silly resolveWithNewModule meteor@0.5.2-1 checking installable status
38 silly cache add args [ 'meteor', null ]
39 verbose cache add spec meteor
40 silly cache add parsed spec Result {
40 silly cache add   raw: 'meteor',
40 silly cache add   scope: null,
40 silly cache add   name: 'meteor',
40 silly cache add   rawSpec: '',
40 silly cache add   spec: 'latest',
40 silly cache add   type: 'tag' }
41 silly addNamed meteor@latest
42 verbose addNamed "latest" is being treated as a dist-tag for meteor
43 info addNameTag [ 'meteor', 'latest' ]
44 silly mapToRegistry name meteor
45 silly mapToRegistry using default registry
46 silly mapToRegistry registry https://registry.npmjs.org/
47 silly mapToRegistry uri https://registry.npmjs.org/meteor
48 verbose addNameTag registry:https://registry.npmjs.org/meteor not in flight; fetching
49 verbose get https://registry.npmjs.org/meteor not expired, no request
50 silly addNameTag next cb for meteor with tag latest
51 silly addNamed meteor@0.5.2-1
52 verbose addNamed "0.5.2-1" is a plain semver version for meteor
53 silly cache afterAdd meteor@0.5.2-1
54 verbose afterAdd C:\Users\olive\AppData\Roaming\npm-cache\meteor\0.5.2-1\package\package.json not in flight; writing
55 verbose correctMkdir C:\Users\olive\AppData\Roaming\npm-cache correctMkdir not in flight; initializing
56 verbose afterAdd C:\Users\olive\AppData\Roaming\npm-cache\meteor\0.5.2-1\package\package.json written
57 silly fetchNamedPackageData fibers
58 silly mapToRegistry name fibers
59 silly mapToRegistry using default registry
60 silly mapToRegistry registry https://registry.npmjs.org/
61 silly mapToRegistry uri https://registry.npmjs.org/fibers
62 verbose request uri https://registry.npmjs.org/fibers
63 verbose request no auth needed
64 info attempt registry request try #1 at 11:10:33
65 verbose etag "3MGV1XZEVQXIPWC4O1IJQOQ5B"
66 http request GET https://registry.npmjs.org/fibers
67 http 304 https://registry.npmjs.org/fibers
68 verbose headers { date: 'Sun, 10 Apr 2016 09:10:32 GMT',
68 verbose headers   via: '1.1 varnish',
68 verbose headers   'cache-control': 'max-age=300',
68 verbose headers   etag: '"3MGV1XZEVQXIPWC4O1IJQOQ5B"',
68 verbose headers   age: '99',
68 verbose headers   connection: 'keep-alive',
68 verbose headers   'x-served-by': 'cache-fra1247-FRA',
68 verbose headers   'x-cache': 'HIT',
68 verbose headers   'x-cache-hits': '1',
68 verbose headers   'x-timer': 'S1460279432.613894,VS0,VE0',
68 verbose headers   vary: 'Accept-Encoding' }
69 silly get cb [ 304,
69 silly get   { date: 'Sun, 10 Apr 2016 09:10:32 GMT',
69 silly get     via: '1.1 varnish',
69 silly get     'cache-control': 'max-age=300',
69 silly get     etag: '"3MGV1XZEVQXIPWC4O1IJQOQ5B"',
69 silly get     age: '99',
69 silly get     connection: 'keep-alive',
69 silly get     'x-served-by': 'cache-fra1247-FRA',
69 silly get     'x-cache': 'HIT',
69 silly get     'x-cache-hits': '1',
69 silly get     'x-timer': 'S1460279432.613894,VS0,VE0',
69 silly get     vary: 'Accept-Encoding' } ]
70 verbose etag https://registry.npmjs.org/fibers from cache
71 verbose get saving fibers to C:\Users\olive\AppData\Roaming\npm-cache\registry.npmjs.org\fibers\.cache.json
72 verbose correctMkdir C:\Users\olive\AppData\Roaming\npm-cache correctMkdir not in flight; initializing
73 silly resolveWithNewModule fibers@0.6.9 checking installable status
74 silly cache add args [ 'fibers@0.6.9', null ]
75 verbose cache add spec fibers@0.6.9
76 silly cache add parsed spec Result {
76 silly cache add   raw: 'fibers@0.6.9',
76 silly cache add   scope: null,
76 silly cache add   name: 'fibers',
76 silly cache add   rawSpec: '0.6.9',
76 silly cache add   spec: '0.6.9',
76 silly cache add   type: 'version' }
77 silly addNamed fibers@0.6.9
78 verbose addNamed "0.6.9" is a plain semver version for fibers
79 silly mapToRegistry name fibers
80 silly mapToRegistry using default registry
81 silly mapToRegistry registry https://registry.npmjs.org/
82 silly mapToRegistry uri https://registry.npmjs.org/fibers
83 verbose addNameVersion registry:https://registry.npmjs.org/fibers not in flight; fetching
84 verbose get https://registry.npmjs.org/fibers not expired, no request
85 silly cache afterAdd fibers@0.6.9
86 verbose afterAdd C:\Users\olive\AppData\Roaming\npm-cache\fibers\0.6.9\package\package.json not in flight; writing
87 verbose correctMkdir C:\Users\olive\AppData\Roaming\npm-cache correctMkdir not in flight; initializing
88 verbose afterAdd C:\Users\olive\AppData\Roaming\npm-cache\fibers\0.6.9\package\package.json written
89 silly loadAllDepsIntoIdealTree Finishing
90 silly idealTree:prePrune iknow@1.0.0
90 silly idealTree:prePrune +-- bson@0.1.5
90 silly idealTree:prePrune +-- clean-css@0.8.2
90 silly idealTree:prePrune +-- coffee-script@1.4.0
90 silly idealTree:prePrune +-- colors@0.6.2
90 silly idealTree:prePrune +-- connect@1.9.2
90 silly idealTree:prePrune +-- cssom@0.2.5
90 silly idealTree:prePrune +-- debug@2.2.0
90 silly idealTree:prePrune +-- faye-websocket@0.4.0
90 silly idealTree:prePrune +-- fibers@1.0.10
90 silly idealTree:prePrune +-- formidable@1.0.17
90 silly idealTree:prePrune +-- gzippo@0.1.7
90 silly idealTree:prePrune +-- handlebars@1.0.7
90 silly idealTree:prePrune | `-- uglify-js@1.2.6
90 silly idealTree:prePrune +-- http-proxy@0.8.5
90 silly idealTree:prePrune +-- keypress@0.1.0
90 silly idealTree:prePrune +-- less@1.3.1
90 silly idealTree:prePrune +-- mailcomposer@0.1.15
90 silly idealTree:prePrune +-- meteor@0.5.2-1
90 silly idealTree:prePrune | `-- fibers@0.6.9
90 silly idealTree:prePrune +-- mime@1.2.7
90 silly idealTree:prePrune +-- mimelib-noiconv@0.1.9
90 silly idealTree:prePrune +-- mkdirp@0.3.5
90 silly idealTree:prePrune +-- mongodb@1.1.11
90 silly idealTree:prePrune +-- ms@0.7.1
90 silly idealTree:prePrune +-- nib@0.8.2
90 silly idealTree:prePrune +-- node-uuid@1.3.3
90 silly idealTree:prePrune +-- optimist@0.3.5
90 silly idealTree:prePrune +-- options@0.0.6
90 silly idealTree:prePrune +-- pkginfo@0.2.3
90 silly idealTree:prePrune +-- progress@0.0.5
90 silly idealTree:prePrune +-- qs@6.1.0
90 silly idealTree:prePrune +-- rai@0.1.12
90 silly idealTree:prePrune +-- request@2.12.0
90 silly idealTree:prePrune | +-- form-data@0.0.3
90 silly idealTree:prePrune | | +-- async@0.1.9
90 silly idealTree:prePrune | | `-- combined-stream@0.0.3
90 silly idealTree:prePrune | |   `-- delayed-stream@0.0.5
90 silly idealTree:prePrune | `-- mime@1.2.7
90 silly idealTree:prePrune +-- rocket-chat@0.0.1
90 silly idealTree:prePrune +-- semver@1.1.0
90 silly idealTree:prePrune +-- simplesmtp@0.1.25
90 silly idealTree:prePrune +-- sockjs@0.3.4
90 silly idealTree:prePrune +-- stream-buffers@0.2.3
90 silly idealTree:prePrune +-- stylus@0.30.1
90 silly idealTree:prePrune +-- typescript@1.8.9
90 silly idealTree:prePrune +-- uglify-js@1.3.4
90 silly idealTree:prePrune +-- ultron@1.0.2
90 silly idealTree:prePrune +-- useragent@1.1.0
90 silly idealTree:prePrune | +-- request@2.9.202
90 silly idealTree:prePrune | `-- semver@1.0.14
90 silly idealTree:prePrune +-- wordwrap@0.0.3
90 silly idealTree:prePrune +-- ws@1.0.1
90 silly idealTree:prePrune +-- xoauth2@1.1.0
90 silly idealTree:prePrune `-- yamlparser@0.0.2
91 silly loadIdealTree Finishing
92 silly currentTree iknow@1.0.0
92 silly currentTree +-- bson@0.1.5
92 silly currentTree +-- clean-css@0.8.2
92 silly currentTree +-- coffee-script@1.4.0
92 silly currentTree +-- colors@0.6.2
92 silly currentTree +-- connect@1.9.2
92 silly currentTree +-- cssom@0.2.5
92 silly currentTree +-- debug@2.2.0
92 silly currentTree +-- faye-websocket@0.4.0
92 silly currentTree +-- fibers@1.0.10
92 silly currentTree +-- formidable@1.0.17
92 silly currentTree +-- gzippo@0.1.7
92 silly currentTree +-- handlebars@1.0.7
92 silly currentTree | `-- uglify-js@1.2.6
92 silly currentTree +-- http-proxy@0.8.5
92 silly currentTree +-- keypress@0.1.0
92 silly currentTree +-- less@1.3.1
92 silly currentTree +-- mailcomposer@0.1.15
92 silly currentTree +-- mime@1.2.7
92 silly currentTree +-- mimelib-noiconv@0.1.9
92 silly currentTree +-- mkdirp@0.3.5
92 silly currentTree +-- mongodb@1.1.11
92 silly currentTree +-- ms@0.7.1
92 silly currentTree +-- nib@0.8.2
92 silly currentTree +-- node-uuid@1.3.3
92 silly currentTree +-- optimist@0.3.5
92 silly currentTree +-- options@0.0.6
92 silly currentTree +-- pkginfo@0.2.3
92 silly currentTree +-- progress@0.0.5
92 silly currentTree +-- qs@6.1.0
92 silly currentTree +-- rai@0.1.12
92 silly currentTree +-- request@2.12.0
92 silly currentTree | +-- form-data@0.0.3
92 silly currentTree | | +-- async@0.1.9
92 silly currentTree | | `-- combined-stream@0.0.3
92 silly currentTree | |   `-- delayed-stream@0.0.5
92 silly currentTree | `-- mime@1.2.7
92 silly currentTree +-- rocket-chat@0.0.1
92 silly currentTree +-- semver@1.1.0
92 silly currentTree +-- simplesmtp@0.1.25
92 silly currentTree +-- sockjs@0.3.4
92 silly currentTree +-- stream-buffers@0.2.3
92 silly currentTree +-- stylus@0.30.1
92 silly currentTree +-- typescript@1.8.9
92 silly currentTree +-- uglify-js@1.3.4
92 silly currentTree +-- ultron@1.0.2
92 silly currentTree +-- useragent@1.1.0
92 silly currentTree | +-- request@2.9.202
92 silly currentTree | `-- semver@1.0.14
92 silly currentTree +-- wordwrap@0.0.3
92 silly currentTree +-- ws@1.0.1
92 silly currentTree +-- xoauth2@1.1.0
92 silly currentTree `-- yamlparser@0.0.2
93 silly idealTree iknow@1.0.0
93 silly idealTree +-- bson@0.1.5
93 silly idealTree +-- clean-css@0.8.2
93 silly idealTree +-- coffee-script@1.4.0
93 silly idealTree +-- colors@0.6.2
93 silly idealTree +-- connect@1.9.2
93 silly idealTree +-- cssom@0.2.5
93 silly idealTree +-- debug@2.2.0
93 silly idealTree +-- faye-websocket@0.4.0
93 silly idealTree +-- fibers@1.0.10
93 silly idealTree +-- formidable@1.0.17
93 silly idealTree +-- gzippo@0.1.7
93 silly idealTree +-- handlebars@1.0.7
93 silly idealTree | `-- uglify-js@1.2.6
93 silly idealTree +-- http-proxy@0.8.5
93 silly idealTree +-- keypress@0.1.0
93 silly idealTree +-- less@1.3.1
93 silly idealTree +-- mailcomposer@0.1.15
93 silly idealTree +-- meteor@0.5.2-1
93 silly idealTree | `-- fibers@0.6.9
93 silly idealTree +-- mime@1.2.7
93 silly idealTree +-- mimelib-noiconv@0.1.9
93 silly idealTree +-- mkdirp@0.3.5
93 silly idealTree +-- mongodb@1.1.11
93 silly idealTree +-- ms@0.7.1
93 silly idealTree +-- nib@0.8.2
93 silly idealTree +-- node-uuid@1.3.3
93 silly idealTree +-- optimist@0.3.5
93 silly idealTree +-- options@0.0.6
93 silly idealTree +-- pkginfo@0.2.3
93 silly idealTree +-- progress@0.0.5
93 silly idealTree +-- qs@6.1.0
93 silly idealTree +-- rai@0.1.12
93 silly idealTree +-- request@2.12.0
93 silly idealTree | +-- form-data@0.0.3
93 silly idealTree | | +-- async@0.1.9
93 silly idealTree | | `-- combined-stream@0.0.3
93 silly idealTree | |   `-- delayed-stream@0.0.5
93 silly idealTree | `-- mime@1.2.7
93 silly idealTree +-- rocket-chat@0.0.1
93 silly idealTree +-- semver@1.1.0
93 silly idealTree +-- simplesmtp@0.1.25
93 silly idealTree +-- sockjs@0.3.4
93 silly idealTree +-- stream-buffers@0.2.3
93 silly idealTree +-- stylus@0.30.1
93 silly idealTree +-- typescript@1.8.9
93 silly idealTree +-- uglify-js@1.3.4
93 silly idealTree +-- ultron@1.0.2
93 silly idealTree +-- useragent@1.1.0
93 silly idealTree | +-- request@2.9.202
93 silly idealTree | `-- semver@1.0.14
93 silly idealTree +-- wordwrap@0.0.3
93 silly idealTree +-- ws@1.0.1
93 silly idealTree +-- xoauth2@1.1.0
93 silly idealTree `-- yamlparser@0.0.2
94 silly generateActionsToTake Starting
95 silly install generateActionsToTake
96 silly generateActionsToTake Finishing
97 silly diffTrees action count 3
98 silly diffTrees add fibers@0.6.9
99 silly diffTrees add meteor@0.5.2-1
100 silly diffTrees update typescript@1.8.9
101 silly decomposeActions action count 24
102 silly decomposeActions fetch fibers@0.6.9
103 silly decomposeActions extract fibers@0.6.9
104 silly decomposeActions test fibers@0.6.9
105 silly decomposeActions preinstall fibers@0.6.9
106 silly decomposeActions build fibers@0.6.9
107 silly decomposeActions install fibers@0.6.9
108 silly decomposeActions postinstall fibers@0.6.9
109 silly decomposeActions finalize fibers@0.6.9
110 silly decomposeActions fetch meteor@0.5.2-1
111 silly decomposeActions extract meteor@0.5.2-1
112 silly decomposeActions test meteor@0.5.2-1
113 silly decomposeActions preinstall meteor@0.5.2-1
114 silly decomposeActions build meteor@0.5.2-1
115 silly decomposeActions install meteor@0.5.2-1
116 silly decomposeActions postinstall meteor@0.5.2-1
117 silly decomposeActions finalize meteor@0.5.2-1
118 silly decomposeActions fetch typescript@1.8.9
119 silly decomposeActions extract typescript@1.8.9
120 silly decomposeActions test typescript@1.8.9
121 silly decomposeActions preinstall typescript@1.8.9
122 silly decomposeActions build typescript@1.8.9
123 silly decomposeActions install typescript@1.8.9
124 silly decomposeActions postinstall typescript@1.8.9
125 silly decomposeActions finalize typescript@1.8.9
126 silly executeActions Starting
127 silly install executeActions
128 silly doSerial global-install 0
129 silly doParallel fetch 3
130 verbose correctMkdir C:\Users\olive\AppData\Roaming\npm-cache\_locks correctMkdir not in flight; initializing
131 verbose lock using C:\Users\olive\AppData\Roaming\npm-cache\_locks\staging-094182a7d33abc37.lock for C:\Users\olive\Documents\GitHub\iknow\node_modules\.staging
132 silly doParallel extract 3
133 silly extract fibers@0.6.9
134 silly extract meteor@0.5.2-1
135 silly extract typescript@1.8.9
136 verbose unbuild node_modules\.staging\fibers-00693240
137 verbose unbuild node_modules\.staging\meteor-92602f8f
138 verbose unbuild node_modules\.staging\typescript-53f26c5a
139 silly gentlyRm C:\Users\olive\Documents\GitHub\iknow\node_modules\.staging\fibers-00693240 is being purged from base C:\Users\olive\Documents\GitHub\iknow
140 verbose gentlyRm don't care about contents; nuking C:\Users\olive\Documents\GitHub\iknow\node_modules\.staging\fibers-00693240
141 verbose tar unpack C:\Users\olive\AppData\Roaming\npm-cache\fibers\0.6.9\package.tgz
142 verbose tar unpacking to C:\Users\olive\Documents\GitHub\iknow\node_modules\.staging\fibers-00693240
143 silly gentlyRm C:\Users\olive\Documents\GitHub\iknow\node_modules\.staging\fibers-00693240 is being purged
144 verbose gentlyRm don't care about contents; nuking C:\Users\olive\Documents\GitHub\iknow\node_modules\.staging\fibers-00693240
145 silly gentlyRm C:\Users\olive\Documents\GitHub\iknow\node_modules\.staging\meteor-92602f8f is being purged from base C:\Users\olive\Documents\GitHub\iknow
146 verbose gentlyRm don't care about contents; nuking C:\Users\olive\Documents\GitHub\iknow\node_modules\.staging\meteor-92602f8f
147 silly gentlyRm C:\Users\olive\Documents\GitHub\iknow\node_modules\.staging\typescript-53f26c5a is being purged from base C:\Users\olive\Documents\GitHub\iknow
148 verbose gentlyRm don't care about contents; nuking C:\Users\olive\Documents\GitHub\iknow\node_modules\.staging\typescript-53f26c5a
149 silly gunzTarPerm modes [ '777', '666' ]
150 verbose tar unpack C:\Users\olive\AppData\Roaming\npm-cache\meteor\0.5.2-1\package.tgz
151 verbose tar unpacking to C:\Users\olive\Documents\GitHub\iknow\node_modules\.staging\meteor-92602f8f
152 silly gentlyRm C:\Users\olive\Documents\GitHub\iknow\node_modules\.staging\meteor-92602f8f is being purged
153 verbose gentlyRm don't care about contents; nuking C:\Users\olive\Documents\GitHub\iknow\node_modules\.staging\meteor-92602f8f
154 verbose tar unpack C:\Users\olive\AppData\Roaming\npm-cache\typescript\1.8.9\package.tgz
155 verbose tar unpacking to C:\Users\olive\Documents\GitHub\iknow\node_modules\.staging\typescript-53f26c5a
156 silly gentlyRm C:\Users\olive\Documents\GitHub\iknow\node_modules\.staging\typescript-53f26c5a is being purged
157 verbose gentlyRm don't care about contents; nuking C:\Users\olive\Documents\GitHub\iknow\node_modules\.staging\typescript-53f26c5a
158 silly gunzTarPerm modes [ '777', '666' ]
159 silly gunzTarPerm modes [ '777', '666' ]
160 silly gunzTarPerm extractEntry package.json
161 silly gunzTarPerm extractEntry package.json
162 silly gunzTarPerm extractEntry package.json
163 silly gunzTarPerm extractEntry .npmignore
164 silly gunzTarPerm extractEntry README.md
165 silly gunzTarPerm extractEntry .npmignore
166 silly gunzTarPerm extractEntry README.md
167 silly gunzTarPerm extractEntry .npmignore
168 silly gunzTarPerm extractEntry README.md
169 silly gunzTarPerm extractEntry dev_bundle/.bundle_version.txt
170 silly gunzTarPerm extractEntry install.sh
171 silly gunzTarPerm extractEntry bin/tsc
172 silly gunzTarPerm extractEntry bin/tsserver
173 silly gunzTarPerm extractEntry LICENSE
174 silly gunzTarPerm extractEntry future.js
175 silly gunzTarPerm extractEntry test.js
176 silly gunzTarPerm extractEntry AUTHORS.md
177 silly gunzTarPerm extractEntry CONTRIBUTING.md
178 silly gunzTarPerm extractEntry docs/public/favicon.ico
179 silly gunzTarPerm extractEntry docs/public/robots.txt
180 silly gunzTarPerm extractEntry CopyrightNotice.txt
181 silly gunzTarPerm extractEntry fibers.js
182 silly gunzTarPerm extractEntry build.js
183 silly gunzTarPerm extractEntry test/unwind.js
184 silly gunzTarPerm extractEntry test/current.js
185 silly gunzTarPerm extractEntry LICENSE.txt
186 silly gunzTarPerm extractEntry ThirdPartyNoticeText.txt
187 silly gunzTarPerm extractEntry docs/client/api.js
188 silly gunzTarPerm extractEntry docs/client/docs.js
189 silly gunzTarPerm extractEntry lib/README.md
190 silly gunzTarPerm extractEntry lib/typescript.js
191 silly gunzTarPerm extractEntry test/stack-overflow.js
192 silly gunzTarPerm extractEntry test/finish-multiple.js
193 silly gunzTarPerm extractEntry docs/client/concepts.html
194 silly gunzTarPerm extractEntry docs/client/commandline.html
195 silly gunzTarPerm extractEntry test/pool.js
196 silly gunzTarPerm extractEntry test/fibonacci.js
197 silly gunzTarPerm extractEntry docs/client/packages.html
198 silly gunzTarPerm extractEntry docs/client/api.html
199 silly gunzTarPerm extractEntry test/bad-context.js
200 silly gunzTarPerm extractEntry test/future.js
201 silly gunzTarPerm extractEntry docs/client/splash.less
202 silly gunzTarPerm extractEntry docs/client/docs.html
203 silly gunzTarPerm extractEntry test/process-title.js
204 silly gunzTarPerm extractEntry test/illegal-yield.js
205 silly gunzTarPerm extractEntry docs/client/ga.html
206 silly gunzTarPerm extractEntry docs/client/docs.css
207 silly gunzTarPerm extractEntry docs/client/introduction.html
208 silly gunzTarPerm extractEntry docs/.meteor/.npmignore
209 silly gunzTarPerm extractEntry meteor
210 silly gunzTarPerm extractEntry test/started.js
211 silly gunzTarPerm extractEntry test/exec.js
212 silly gunzTarPerm extractEntry test/child-process.js
213 silly gunzTarPerm extractEntry test/already-running.js
214 silly gunzTarPerm extractEntry admin/increment-version.js
215 silly gunzTarPerm extractEntry admin/install-s3.sh
216 silly gunzTarPerm extractEntry test/exit.js
217 silly gunzTarPerm extractEntry src/coroutine.h
218 silly gunzTarPerm extractEntry admin/meteor.spec
219 silly gunzTarPerm extractEntry admin/spark-standalone.sh
220 silly gunzTarPerm extractEntry admin/build-release.sh
221 silly gunzTarPerm extractEntry admin/node.sh
222 silly gunzTarPerm extractEntry src/coroutine.cc
223 silly gunzTarPerm extractEntry src/libcoro/README
224 silly gunzTarPerm extractEntry src/libcoro/LICENSE
225 silly gunzTarPerm extractEntry src/libcoro/coro.h
226 silly gunzTarPerm extractEntry src/libcoro/coro.c
227 silly gunzTarPerm extractEntry src/libcoro/conftest.c
228 silly gunzTarPerm extractEntry admin/manifest.json
229 silly gunzTarPerm extractEntry admin/generate-dev-bundle.sh
230 silly gunzTarPerm extractEntry src/fibers.cc
231 silly gunzTarPerm extractEntry binding.gyp
232 silly gunzTarPerm extractEntry admin/debian/copyright
233 silly gunzTarPerm extractEntry admin/debian/control
234 silly gunzTarPerm extractEntry bin/.npmignore
235 silly gunzTarPerm extractEntry bin/win32-ia32-v8-3.6/fibers.node
236 silly gunzTarPerm extractEntry bin/darwin-x64-v8-3.11/fibers.node
237 silly gunzTarPerm extractEntry admin/debian/compat
238 silly gunzTarPerm extractEntry admin/debian/docs
239 silly gunzTarPerm extractEntry admin/debian/rules
240 silly gunzTarPerm extractEntry admin/debian/changelog
241 silly gunzTarPerm extractEntry admin/debian/meteor.install
242 silly gunzTarPerm extractEntry admin/debian/source/format
243 silly gunzTarPerm extractEntry admin/debian/meteor.links
244 silly gunzTarPerm extractEntry bin/darwin-x64-v8-3.6/fibers.node
245 silly gunzTarPerm extractEntry bin/win32-ia32-v8-3.11/fibers.node
246 silly gunzTarPerm extractEntry bin/linux-ia32-v8-3.6/fibers.node
247 silly gunzTarPerm extractEntry admin/cli-test.sh
248 silly gunzTarPerm extractEntry admin/cut-release.sh
249 silly gunzTarPerm extractEntry bin/linux-x64-v8-3.11/fibers.node
250 silly gunzTarPerm extractEntry .arcconfig
251 silly gunzTarPerm extractEntry app/meteor/update.js
252 silly gunzTarPerm extractEntry lib/tsserver.js
253 silly gunzTarPerm extractEntry app/meteor/run.js
254 silly gunzTarPerm extractEntry app/meteor/deploy.js
255 silly gunzTarPerm extractEntry bin/win32-x64-v8-3.11/fibers.node
256 silly gunzTarPerm extractEntry bin/linux-x64-v8-3.6/fibers.node
257 silly gunzTarPerm extractEntry app/meteor/post-upgrade.js
258 silly gunzTarPerm extractEntry app/meteor/meteor.js
259 silly gunzTarPerm extractEntry bin/win32-x64-v8-3.6/fibers.node
260 silly gunzTarPerm extractEntry bin/darwin-ia32-v8-3.6/fibers.node
261 silly gunzTarPerm extractEntry app/meteor/skel/~name~.js
262 silly gunzTarPerm extractEntry app/meteor/skel/~name~.html
263 silly gunzTarPerm extractEntry bin/linux-ia32-v8-3.11/fibers.node
264 silly gunzTarPerm extractEntry app/meteor/skel/~name~.css
265 silly gunzTarPerm extractEntry app/meteor/skel/.meteor/.npmignore
266 silly gunzTarPerm extractEntry bin/darwin-ia32-v8-3.11/fibers.node
267 silly gunzTarPerm extractEntry app/server/server.js
268 silly gunzTarPerm extractEntry app/server/underscore.js
269 silly gunzTarPerm extractEntry app/lib/project.js
270 silly gunzTarPerm extractEntry app/lib/mongo_runner.js
271 silly gunzTarPerm extractEntry app/lib/packages.js
272 silly gunzTarPerm extractEntry app/lib/files.js
273 silly gunzTarPerm extractEntry app/lib/updater.js
274 silly gunzTarPerm extractEntry app/lib/bundler.js
275 silly gunzTarPerm extractEntry app/lib/app.html.in
276 silly gunzTarPerm extractEntry app/lib/unsupported.html
277 silly gunzTarPerm extractEntry app/lib/third/underscore.js
278 silly gunzTarPerm extractEntry History.md
279 silly gunzTarPerm extractEntry LICENSE.txt
280 silly gunzTarPerm extractEntry lib/tsc.js
281 silly gunzTarPerm extractEntry lib/typescriptServices.js
282 silly gunzTarPerm extractEntry lib/lib.d.ts
283 silly gunzTarPerm extractEntry lib/lib.dom.d.ts
284 silly gentlyRm C:\Users\olive\Documents\GitHub\iknow\node_modules\.staging\fibers-00693240\node_modules is being purged
285 verbose gentlyRm don't care about contents; nuking C:\Users\olive\Documents\GitHub\iknow\node_modules\.staging\fibers-00693240\node_modules
286 silly gunzTarPerm extractEntry lib/lib.es7.d.ts
287 silly gunzTarPerm extractEntry lib/lib.core.d.ts
288 silly gunzTarPerm extractEntry lib/lib.webworker.d.ts
289 silly gunzTarPerm extractEntry lib/lib.es6.d.ts
290 silly gunzTarPerm extractEntry lib/lib.core.es7.d.ts
291 silly gunzTarPerm extractEntry lib/typescript.d.ts
292 silly gunzTarPerm extractEntry lib/lib.core.es6.d.ts
293 silly gunzTarPerm extractEntry lib/typescriptServices.d.ts
294 silly gunzTarPerm extractEntry lib/lib.scriptHost.d.ts
295 silly gunzTarPerm extractEntry test.config
296 silly gentlyRm C:\Users\olive\Documents\GitHub\iknow\node_modules\.staging\meteor-92602f8f\node_modules is being purged
297 verbose gentlyRm don't care about contents; nuking C:\Users\olive\Documents\GitHub\iknow\node_modules\.staging\meteor-92602f8f\node_modules
298 silly gentlyRm C:\Users\olive\Documents\GitHub\iknow\node_modules\.staging\typescript-53f26c5a\node_modules is being purged
299 verbose gentlyRm don't care about contents; nuking C:\Users\olive\Documents\GitHub\iknow\node_modules\.staging\typescript-53f26c5a\node_modules
300 silly doParallel preinstall 3
301 silly preinstall fibers@0.6.9 C:\Users\olive\Documents\GitHub\iknow\node_modules\.staging\fibers-00693240
302 info lifecycle fibers@0.6.9~preinstall: fibers@0.6.9
303 silly preinstall meteor@0.5.2-1 C:\Users\olive\Documents\GitHub\iknow\node_modules\.staging\meteor-92602f8f
304 info lifecycle meteor@0.5.2-1~preinstall: meteor@0.5.2-1
305 silly preinstall typescript@1.8.9 C:\Users\olive\Documents\GitHub\iknow\node_modules\.staging\typescript-53f26c5a
306 info lifecycle typescript@1.8.9~preinstall: typescript@1.8.9
307 silly lifecycle fibers@0.6.9~preinstall: no script for preinstall, continuing
308 silly lifecycle meteor@0.5.2-1~preinstall: no script for preinstall, continuing
309 silly lifecycle typescript@1.8.9~preinstall: no script for preinstall, continuing
310 silly doReverseSerial remove 0
311 silly doSerial move 0
312 silly doSerial finalize 3
313 silly finalize C:\Users\olive\Documents\GitHub\iknow\node_modules\meteor\node_modules\fibers
314 silly finalize C:\Users\olive\Documents\GitHub\iknow\node_modules\meteor
315 silly finalize C:\Users\olive\Documents\GitHub\iknow\node_modules\typescript
316 silly doSerial build 3
317 silly build fibers@0.6.9
318 info linkStuff fibers@0.6.9
319 silly linkStuff fibers@0.6.9 has C:\Users\olive\Documents\GitHub\iknow\node_modules\meteor\node_modules as its parent node_modules
320 verbose linkBins fibers@0.6.9
321 verbose linkMans fibers@0.6.9
322 silly build meteor@0.5.2-1
323 info linkStuff meteor@0.5.2-1
324 silly linkStuff meteor@0.5.2-1 has C:\Users\olive\Documents\GitHub\iknow\node_modules as its parent node_modules
325 verbose linkBins meteor@0.5.2-1
326 verbose link bins [ { meteor: 'app/meteor/meteor.js' },
326 verbose link bins   'C:\\Users\\olive\\Documents\\GitHub\\iknow\\node_modules\\.bin',
326 verbose link bins   false ]
327 verbose linkMans meteor@0.5.2-1
328 silly build typescript@1.8.9
329 info linkStuff typescript@1.8.9
330 silly linkStuff typescript@1.8.9 has C:\Users\olive\Documents\GitHub\iknow\node_modules as its parent node_modules
331 verbose linkBins typescript@1.8.9
332 verbose link bins [ { tsc: './bin/tsc', tsserver: './bin/tsserver' },
332 verbose link bins   'C:\\Users\\olive\\Documents\\GitHub\\iknow\\node_modules\\.bin',
332 verbose link bins   false ]
333 verbose linkMans typescript@1.8.9
334 silly doSerial global-link 0
335 silly doParallel update-linked 0
336 silly doSerial install 3
337 silly install fibers@0.6.9 C:\Users\olive\Documents\GitHub\iknow\node_modules\.staging\fibers-00693240
338 info lifecycle fibers@0.6.9~install: fibers@0.6.9
339 verbose lifecycle fibers@0.6.9~install: unsafe-perm in lifecycle true
340 verbose lifecycle fibers@0.6.9~install: PATH: C:\Program Files\nodejs\node_modules\npm\bin\node-gyp-bin;C:\Users\olive\Documents\GitHub\iknow\node_modules\meteor\node_modules\fibers\node_modules\.bin;C:\Users\olive\Documents\GitHub\iknow\node_modules\meteor\node_modules\.bin;C:\Users\olive\Documents\GitHub\iknow\node_modules\.bin;C:\Program Files\ImageMagick-6.9.3-Q16;C:\ProgramData\Oracle\Java\javapath;C:\WINDOWS\system32;C:\WINDOWS;C:\WINDOWS\System32\Wbem;C:\WINDOWS\System32\WindowsPowerShell\v1.0\;C:\Program Files (x86)\Skype\Phone\;C:\ProgramData\chocolatey\bin;C:\Program Files\nodejs\;C:\Users\olive\AppData\Roaming\npm;C:\Users\olive\AppData\Local\atom\bin;C:\Program Files (x86)\Microsoft VS Code\bin;C:\Program Files (x86)\Microsoft VS Code
341 verbose lifecycle fibers@0.6.9~install: CWD: C:\Users\olive\Documents\GitHub\iknow\node_modules\meteor\node_modules\fibers
342 silly lifecycle fibers@0.6.9~install: Args: [ '/d /s /c', 'node ./build.js' ]
343 silly lifecycle fibers@0.6.9~install: Returned: code: 1  signal: null
344 info lifecycle fibers@0.6.9~install: Failed to exec install script
345 verbose unlock done using C:\Users\olive\AppData\Roaming\npm-cache\_locks\staging-094182a7d33abc37.lock for C:\Users\olive\Documents\GitHub\iknow\node_modules\.staging
346 silly rollbackFailedOptional Starting
347 silly rollbackFailedOptional Finishing
348 silly runTopLevelLifecycles Starting
349 silly runTopLevelLifecycles Finishing
350 silly install printInstalled
351 warn iknow@1.0.0 No repository field.
352 verbose stack Error: fibers@0.6.9 install: `node ./build.js`
352 verbose stack Exit status 1
352 verbose stack     at EventEmitter.<anonymous> (C:\Program Files\nodejs\node_modules\npm\lib\utils\lifecycle.js:232:16)
352 verbose stack     at emitTwo (events.js:100:13)
352 verbose stack     at EventEmitter.emit (events.js:185:7)
352 verbose stack     at ChildProcess.<anonymous> (C:\Program Files\nodejs\node_modules\npm\lib\utils\spawn.js:24:14)
352 verbose stack     at emitTwo (events.js:100:13)
352 verbose stack     at ChildProcess.emit (events.js:185:7)
352 verbose stack     at maybeClose (internal/child_process.js:827:16)
352 verbose stack     at Process.ChildProcess._handle.onexit (internal/child_process.js:211:5)
353 verbose pkgid fibers@0.6.9
354 verbose cwd C:\Users\olive\Documents\GitHub\iknow
355 error Windows_NT 10.0.10586
356 error argv "C:\\Program Files\\nodejs\\node.exe" "C:\\Program Files\\nodejs\\node_modules\\npm\\bin\\npm-cli.js" "install" "--save" "meteor"
357 error node v5.7.1
358 error npm  v3.6.0
359 error code ELIFECYCLE
360 error fibers@0.6.9 install: `node ./build.js`
360 error Exit status 1
361 error Failed at the fibers@0.6.9 install script 'node ./build.js'.
361 error Make sure you have the latest version of node.js and npm installed.
361 error If you do, this is most likely a problem with the fibers package,
361 error not with npm itself.
361 error Tell the author that this fails on your system:
361 error     node ./build.js
361 error You can get information on how to open an issue for this project with:
361 error     npm bugs fibers
361 error Or if that isn't available, you can get their info via:
361 error     npm owner ls fibers
361 error There is likely additional logging output above.
362 verbose exit [ 1, true ]
